app/build/intermediates/manifest_merge_blame_file/debug/manifest-merger-blame-debug-report.txt
1<?xml version="1.0" encoding="utf-8"?>
2<manifest xmlns:android="http://schemas.android.com/apk/res/android"
3    package="com.nexustv.app"
4    android:versionCode="20000"
5    android:versionName="2.0.0" >
6
7    <uses-sdk
8        android:minSdkVersion="21"
9        android:targetSdkVersion="34" />
10
11    <uses-permission android:name="android.permission.INTERNET" />
11-->src\main\AndroidManifest.xml:4:5-67
11-->src\main\AndroidManifest.xml:4:22-64
12    <uses-permission android:name="android.permission.ACCESS_NETWORK_STATE" />
12-->src\main\AndroidManifest.xml:5:5-79
12-->src\main\AndroidManifest.xml:5:22-76
13    <uses-permission android:name="android.permission.READ_EXTERNAL_STORAGE" />
13-->src\main\AndroidManifest.xml:6:5-80
13-->src\main\AndroidManifest.xml:6:22-77
14    <uses-permission android:name="android.permission.WRITE_EXTERNAL_STORAGE" />
14-->src\main\AndroidManifest.xml:7:5-81
14-->src\main\AndroidManifest.xml:7:22-78
15    <uses-permission android:name="android.permission.READ_MEDIA_IMAGES" />
15-->src\main\AndroidManifest.xml:8:5-76
15-->src\main\AndroidManifest.xml:8:22-73
16    <uses-permission android:name="android.permission.REQUEST_INSTALL_PACKAGES" />
16-->src\main\AndroidManifest.xml:9:5-83
16-->src\main\AndroidManifest.xml:9:22-80
17
18    <uses-feature
18-->src\main\AndroidManifest.xml:11:5-94
19        android:name="android.hardware.touchscreen"
19-->src\main\AndroidManifest.xml:11:19-62
20        android:required="false" />
20-->src\main\AndroidManifest.xml:11:67-91
21    <uses-feature
21-->src\main\AndroidManifest.xml:12:5-94
22        android:name="android.software.leanback"
22-->src\main\AndroidManifest.xml:12:19-59
23        android:required="false" />
23-->src\main\AndroidManifest.xml:12:67-91
24    <uses-feature
24-->src\main\AndroidManifest.xml:13:5-94
25        android:name="android.hardware.type.television"
25-->src\main\AndroidManifest.xml:13:19-66
26        android:required="false" />
26-->src\main\AndroidManifest.xml:13:67-91
27
28    <permission
28-->[androidx.core:core:1.12.0] AndroidManifest.xml:22:5-24:47
29        android:name="com.nexustv.app.DYNAMIC_RECEIVER_NOT_EXPORTED_PERMISSION"
29-->[androidx.core:core:1.12.0] AndroidManifest.xml:23:9-81
30        android:protectionLevel="signature" />
30-->[androidx.core:core:1.12.0] AndroidManifest.xml:24:9-44
31
32    <uses-permission android:name="com.nexustv.app.DYNAMIC_RECEIVER_NOT_EXPORTED_PERMISSION" />
32-->[androidx.core:core:1.12.0] AndroidManifest.xml:26:5-97
32-->[androidx.core:core:1.12.0] AndroidManifest.xml:26:22-94
33
34    <application
34-->src\main\AndroidManifest.xml:15:5-64:19
35        android:allowBackup="false"
35-->src\main\AndroidManifest.xml:23:9-36
36        android:appComponentFactory="androidx.core.app.CoreComponentFactory"
36-->[androidx.core:core:1.12.0] AndroidManifest.xml:28:18-86
37        android:banner="@drawable/banner"
37-->src\main\AndroidManifest.xml:18:9-42
38        android:debuggable="true"
39        android:extractNativeLibs="true"
40        android:hardwareAccelerated="true"
40-->src\main\AndroidManifest.xml:20:9-43
41        android:icon="@mipmap/ic_launcher"
41-->src\main\AndroidManifest.xml:17:9-43
42        android:label="Nexus TV"
42-->src\main\AndroidManifest.xml:16:9-33
43        android:networkSecurityConfig="@xml/network_security_config"
43-->src\main\AndroidManifest.xml:22:9-69
44        android:theme="@style/AppTheme"
44-->src\main\AndroidManifest.xml:19:9-40
45        android:usesCleartextTraffic="true" >
45-->src\main\AndroidManifest.xml:21:9-44
46        <activity
46-->src\main\AndroidManifest.xml:25:9-39:20
47            android:name="com.nexustv.app.ui.MainActivity"
47-->src\main\AndroidManifest.xml:26:13-44
48            android:configChanges="keyboard|keyboardHidden|orientation|screenSize|uiMode"
48-->src\main\AndroidManifest.xml:29:13-90
49            android:exported="true"
49-->src\main\AndroidManifest.xml:27:13-36
50            android:launchMode="singleTask"
50-->src\main\AndroidManifest.xml:30:13-44
51            android:screenOrientation="landscape" >
51-->src\main\AndroidManifest.xml:28:13-50
52            <intent-filter>
52-->src\main\AndroidManifest.xml:31:13-34:29
53                <action android:name="android.intent.action.MAIN" />
53-->src\main\AndroidManifest.xml:32:17-69
53-->src\main\AndroidManifest.xml:32:25-66
54
55                <category android:name="android.intent.category.LAUNCHER" />
55-->src\main\AndroidManifest.xml:33:17-77
55-->src\main\AndroidManifest.xml:33:27-74
56            </intent-filter>
57            <intent-filter>
57-->src\main\AndroidManifest.xml:35:13-38:29
58                <action android:name="android.intent.action.MAIN" />
58-->src\main\AndroidManifest.xml:32:17-69
58-->src\main\AndroidManifest.xml:32:25-66
59
60                <category android:name="android.intent.category.LEANBACK_LAUNCHER" />
60-->src\main\AndroidManifest.xml:37:17-86
60-->src\main\AndroidManifest.xml:37:27-83
61            </intent-filter>
62        </activity>
63        <activity
63-->src\main\AndroidManifest.xml:41:9-45:86
64            android:name="com.nexustv.app.ui.SettingsActivity"
64-->src\main\AndroidManifest.xml:42:13-48
65            android:configChanges="keyboard|keyboardHidden|orientation|screenSize"
65-->src\main\AndroidManifest.xml:45:13-83
66            android:exported="false"
66-->src\main\AndroidManifest.xml:43:13-37
67            android:screenOrientation="landscape" />
67-->src\main\AndroidManifest.xml:44:13-50
68        <activity
68-->src\main\AndroidManifest.xml:47:9-51:86
69            android:name="com.nexustv.app.ui.GuideActivity"
69-->src\main\AndroidManifest.xml:48:13-45
70            android:configChanges="keyboard|keyboardHidden|orientation|screenSize"
70-->src\main\AndroidManifest.xml:51:13-83
71            android:exported="false"
71-->src\main\AndroidManifest.xml:49:13-37
72            android:screenOrientation="landscape" />
72-->src\main\AndroidManifest.xml:50:13-50
73
74        <!-- FileProvider for APK installs -->
75        <provider
76            android:name="androidx.core.content.FileProvider"
76-->src\main\AndroidManifest.xml:55:13-62
77            android:authorities="com.nexustv.app.provider"
77-->src\main\AndroidManifest.xml:56:13-60
78            android:exported="false"
78-->src\main\AndroidManifest.xml:57:13-37
79            android:grantUriPermissions="true" >
79-->src\main\AndroidManifest.xml:58:13-47
80            <meta-data
80-->src\main\AndroidManifest.xml:59:13-61:63
81                android:name="android.support.FILE_PROVIDER_PATHS"
81-->src\main\AndroidManifest.xml:60:17-67
82                android:resource="@xml/file_provider_paths" />
82-->src\main\AndroidManifest.xml:61:17-60
83        </provider>
84        <provider
84-->[androidx.emoji2:emoji2:1.2.0] AndroidManifest.xml:24:9-32:20
85            android:name="androidx.startup.InitializationProvider"
85-->[androidx.emoji2:emoji2:1.2.0] AndroidManifest.xml:25:13-67
86            android:authorities="com.nexustv.app.androidx-startup"
86-->[androidx.emoji2:emoji2:1.2.0] AndroidManifest.xml:26:13-68
87            android:exported="false" >
87-->[androidx.emoji2:emoji2:1.2.0] AndroidManifest.xml:27:13-37
88            <meta-data
88-->[androidx.emoji2:emoji2:1.2.0] AndroidManifest.xml:29:13-31:52
89                android:name="androidx.emoji2.text.EmojiCompatInitializer"
89-->[androidx.emoji2:emoji2:1.2.0] AndroidManifest.xml:30:17-75
90                android:value="androidx.startup" />
90-->[androidx.emoji2:emoji2:1.2.0] AndroidManifest.xml:31:17-49
91            <meta-data
91-->[androidx.lifecycle:lifecycle-process:2.4.1] AndroidManifest.xml:31:13-33:52
92                android:name="androidx.lifecycle.ProcessLifecycleInitializer"
92-->[androidx.lifecycle:lifecycle-process:2.4.1] AndroidManifest.xml:32:17-78
93                android:value="androidx.startup" />
93-->[androidx.lifecycle:lifecycle-process:2.4.1] AndroidManifest.xml:33:17-49
94        </provider>
95    </application>
96
97</manifest>